<?xml version="1.0" encoding="UTF-8"?>
<!-- Generated by org.testng.reporters.JUnitReportReporter -->
<testsuite skipped="1" hostname="5CG7084JWD840" name="com.appium.tests.AppiumTester" tests="1" failures="0" timestamp="29 Sep 2018 04:45:50 GMT" time="0.000" errors="0">
  <testcase name="test" time="0.000" classname="com.appium.tests.AppiumTester">
    <skipped/>
  </testcase> <!-- test -->
</testsuite> <!-- com.appium.tests.AppiumTester -->
