<?xml version="1.0" encoding="UTF-8"?>
<!-- Generated by org.testng.reporters.JUnitReportReporter -->
<testsuite skipped="0" hostname="5CG7084JWD840" name="com.appium.base.BaseTest" tests="1" failures="0" timestamp="28 Sep 2018 14:48:33 GMT" time="3.607" errors="0">
  <testcase name="test" time="3.607" classname="com.appium.base.BaseTest"/>
</testsuite> <!-- com.appium.base.BaseTest -->
