<?xml version="1.0" encoding="UTF-8"?>
<!-- Generated by org.testng.reporters.JUnitReportReporter -->
<testsuite hostname="5CG7084JWD840" name="testfw.TestCase" tests="1" failures="0" timestamp="15 Sep 2018 08:38:49 GMT" time="11.602" errors="0">
  <testcase name="openMyBlog" time="11.602" classname="testfw.TestCase"/>
</testsuite> <!-- testfw.TestCase -->
